<?xml version="1.0" encoding="UTF-8"?>
<testng-results ignored="0" total="2" passed="2" failed="0" skipped="0">
  <reporter-output>
  </reporter-output>
  <suite started-at="2024-03-11T02:07:34Z" name="Suite" finished-at="2024-03-11T02:08:02Z" duration-ms="27728">
    <groups>
    </groups>
    <test started-at="2024-03-11T02:07:34Z" name="Test" finished-at="2024-03-11T02:08:02Z" duration-ms="27728">
      <class name="com.demo.application.MouseDragAndDrop">
        <test-method signature="test()[pri:0, instance:com.demo.application.MouseDragAndDrop@353352b6]" started-at="2024-03-11T02:07:34Z" name="test" finished-at="2024-03-11T02:07:45Z" duration-ms="10597" status="PASS">
          <reporter-output>
          </reporter-output>
        </test-method> <!-- test -->
      </class> <!-- com.demo.application.MouseDragAndDrop -->
      <class name="com.demo.application.MouseDragAndDropImage">
        <test-method signature="test1()[pri:0, instance:com.demo.application.MouseDragAndDropImage@4681c175]" started-at="2024-03-11T02:07:45Z" name="test1" finished-at="2024-03-11T02:08:02Z" duration-ms="17048" status="PASS">
          <reporter-output>
          </reporter-output>
        </test-method> <!-- test1 -->
      </class> <!-- com.demo.application.MouseDragAndDropImage -->
    </test> <!-- Test -->
  </suite> <!-- Suite -->
</testng-results>
